function toDateString() { [native code] }: request receivedfunction toDateString() { [native code] }: request received: request received: request receivedSat Jan 25 2025: request receivedSat Jan 25 2025: request receivedSat Jan 25 2025: request received 
Sat Jan 25 2025: request received 
Sat Jan 25 2025: request received 
Sat Jan 25 2025: request received 
function toLocaleDateString() { [native code] }: request received 
function toLocaleDateString() { [native code] }: request received 
function toLocaleDateString() { [native code] }: request received 
function toLocaleDateString() { [native code] }: request received 
1/25/2025: request received 
1/25/2025: request received 
1/25/2025: request received / 
1/25/2025: request received /favicon.ico 
1/25/2025: request received /hello 
1/25/2025: request received /favicon.ico 
1/25/2025: request received /hello 
1/25/2025: request received /favicon.ico 
1/25/2025: request received /about 
1/25/2025: request received /favicon.ico 
1/25/2025: request received /about 
1/25/2025: request received /favicon.ico 
1/25/2025: request received /about 
1/25/2025: request received /favicon.ico 
1/25/2025: request received /about 
1/25/2025: request received /about 
1/25/2025: request received /about 
1/25/2025: request received /about 
1/25/2025: request received /about/x?name=kamal 
1/25/2025: request received /about/x?name=kamal 
1/25/2025: request received /about/x?name=kamal 
1/25/2025: request received /about?name=kamal 
1/25/2025: request received /about?name=kamal 
1/25/2025: request received :: GET :: /about?name=kamal 
1/25/2025: request received :: GET :: /signup?name=kamal 
1/25/2025: request received :: GET :: /signup?name=kamal 
1/25/2025: request received :: GET :: /signup?name=java 
